<?xml version="1.0" encoding="UTF-8"?>
<!-- Generated by org.testng.reporters.JUnitXMLReporter -->
<testsuite hostname="prabhu" ignored="1" name="Test" tests="3" failures="0" timestamp="28 Apr 2018 07:43:40 GMT" time="81.129" errors="0">
  <testcase name="createLead" time="23.823" classname="testcases.CreateLead"/>
  <testcase name="createLead" time="24.082" classname="testcases.CreateLead"/>
  <testcase name="run" time="33.138" classname="testcases.Editlead"/>
  <testcase name="createLead" time="0.0" classname="testcases.MergeLead">
    <ignored/>
  </testcase> <!-- createLead -->
</testsuite> <!-- Test -->
