<?xml version="1.0" encoding="UTF-8"?>
<!-- Generated by org.testng.reporters.JUnitXMLReporter -->
<testsuite hostname="prabhu" ignored="0" name="Test2" tests="1" failures="1" timestamp="29 Apr 2018 05:59:52 GMT" time="20.234" errors="0">
  <testcase name="run" time="20.218" classname="testcases.DeleteLead">
    <failure type="java.lang.NullPointerException">
      <![CDATA[java.lang.NullPointerException
at wdMethods.SeMethods.click(SeMethods.java:78)
at testcases.DeleteLead.run(DeleteLead.java:30)
at java.util.concurrent.ThreadPoolExecutor.runWorker(ThreadPoolExecutor.java:1142)
at java.util.concurrent.ThreadPoolExecutor$Worker.run(ThreadPoolExecutor.java:617)
at java.lang.Thread.run(Thread.java:744)
... Removed 10 stack frames]]>
    </failure>
  </testcase> <!-- run -->
</testsuite> <!-- Test2 -->
