<?xml version="1.0" encoding="UTF-8"?>
<testng-results skipped="0" failed="0" ignored="0" total="1" passed="1">
  <reporter-output>
  </reporter-output>
  <suite name="Default suite" duration-ms="1534" started-at="2018-05-05T05:58:54Z" finished-at="2018-05-05T05:58:55Z">
    <groups>
    </groups>
    <test name="Default test" duration-ms="1534" started-at="2018-05-05T05:58:54Z" finished-at="2018-05-05T05:58:55Z">
      <class name="classwork.ExcelReader">
        <test-method status="PASS" signature="fetchdata()[pri:0, instance:classwork.ExcelReader@1622fdf]" name="fetchdata" duration-ms="1456" started-at="2018-05-05T05:58:54Z" finished-at="2018-05-05T05:58:55Z">
          <reporter-output>
          </reporter-output>
        </test-method> <!-- fetchdata -->
      </class> <!-- classwork.ExcelReader -->
    </test> <!-- Default test -->
  </suite> <!-- Default suite -->
</testng-results>
